03-05-92 13:04 Reward v1.1 Execution Log
   3308 user records scanned, 50 will be rewarded for uploads.
   SCOTT BOTTERUD              35 U/L   upgraded to 51 (exp 72 02-22-92)
   JOHN BINTZ                  50 U/L   upgraded to 51
   ERIC BLANKE                 35 U/L   upgraded to 51
   BILL HAY                    28 U/L   upgraded to 51
   BILL KEEHN                  20 U/L   upgraded to 51
   STEPHEN MINTZ               93 U/L   upgraded to 51
   ED MURRAY                   42 U/L   upgraded to 51
   LUKE OWENS                  59 U/L   upgraded to 51
   DWIGHT RINGDAHL             50 U/L   upgraded to 51
   JEFF SABATINI               65 U/L   upgraded to 51
   STEVE SCOGGINS             100 U/L   upgraded to 51
   RICH SMITH                  18 U/L   upgraded to 51
   HERBERT WOLFF              102 U/L   upgraded to 51
   BOB ALBERT                  21 U/L   upgraded to 11
   JIM ARNONE                  15 U/L   upgraded to 11
   JEFF BACON                 141 U/L   upgraded to 11
   WES BRZOZOWSKI              68 U/L   upgraded to 11
   SETH COMSTOCK               25 U/L   upgraded to 11
   DAVE COOPER                 63 U/L   upgraded to 11
   WALTER DEWITT              101 U/L   upgraded to 11
   RON FAIRCLOTH              107 U/L   upgraded to 11
   GORDON GREENBLATT           57 U/L   upgraded to 11
   DAVE LARDNER                69 U/L   upgraded to 11
   LARRY LENSKY                14 U/L   upgraded to 11
   GEORGE LYKOS                50 U/L   upgraded to 11
   GRAY MADDRY                 43 U/L   upgraded to 11
   DANIEL MADURA               69 U/L   upgraded to 11
   JIM MIDDLETON               61 U/L   upgraded to 11
   JEFF MINTS                  19 U/L   upgraded to 11
   TIM MOELLER                 82 U/L   upgraded to 11
   LYNN NASH                   77 U/L   upgraded to 11
   BRYAN NEMECEK               25 U/L   upgraded to 11
   KEITH OSTERHOUT             52 U/L   upgraded to 11
   DAVID PETERSON              53 U/L   upgraded to 11
   MARK PIERCE                 20 U/L   upgraded to 11
   SANDOR PISTYUR              15 U/L   upgraded to 11
   RICHARD SAEKS              154 U/L   upgraded to 11
   NOWELL SIEGEL               45 U/L   upgraded to 11
   BRAD SMITH                  23 U/L   upgraded to 11
   STEVE STRINGHAM             15 U/L   upgraded to 11
   TED STROPKA                 33 U/L   upgraded to 11
   PAUL SURANYI                23 U/L   upgraded to 11
   PETER VEECK                 21 U/L   upgraded to 11
   DANIEL WALKER              127 U/L   upgraded to 11
   JIM WILSON                  15 U/L   upgraded to 11
   PETER CHOW                  36 U/L   upgraded to 11
   DAN MCEVERS                 36 U/L   upgraded to 11
   JACK DAVIS                  22 U/L   upgraded to 11
   ALI FAHIMI                  20 U/L   upgraded to 11
   49 user records updated.
03-05-92 13:04 Reward Run Ended
---------------------------------------------------
