V:\UPLOAD\
W:\ULW\
L:\ULW\
L:\ULW\
U:\SPECIAL\
V:\PRIVATE\
U:\DL9\
U:\DL8\
U:\DL7\
U:\DL79\
W:\DL78\
V:\DL77\
W:\DL76\
L:\DL75\
L:\DL74\
L:\DL73\
L:\DL72\
L:\DL71\
L:\DL70\
U:\DL6\
L:\DL69\
L:\DL68\
L:\DL67\
L:\DL66\
L:\DL65\
L:\DL64\
W:\DL63\
W:\DL62\
W:\DL61\
W:\DL60\
U:\DL5\
W:\DL59\
W:\DL58\
W:\DL57\
W:\DL56\
W:\DL55\
W:\DL54\
W:\DL53\
W:\DL52\
W:\DL51\
W:\DL50\
U:\DL4\
U:\DL49\
L:\DL48\
L:\DL47\
L:\DL46\
L:\DL45\
L:\DL44\
L:\DL43\
U:\DL42\
L:\DL41\
L:\DL40\
U:\DL3\
L:\DL39\
L:\DL38\
L:\DL37\
L:\DL36\
U:\DL35\
L:\DL34\
L:\DL33\
L:\DL32\
L:\DL31\
L:\DL30\
U:\DL2\
L:\DL29\
L:\DL28\
L:\DL27\
L:\DL26\
W:\DL25\
W:\DL24\
W:\DL23\
U:\DL22\
U:\DL21\
U:\DL20\
U:\DL1\
U:\DL19\
U:\DL18\
U:\DL17\
U:\DL16\
U:\DL15\
U:\DL14\
U:\DL13\
U:\DL12\
U:\DL11\
U:\DL10\
V:\BOOST\
V:\BOOSTUL\
V:\AGENT1\
