CALL MVDLDIR DL66  V: 
CALL MVDLDIR DL70  V: 
CALL MVDLDIR DL67  U: 
CALL MVDLDIR DL67  U: 
CALL MVDLDIR DL71  V: 
CALL MVDLDIR DL71  V: 
CALL MVDLDIR ZARC3  H: 
CALL MVDLDIR DL68  L: 
CALL MVDLDIR DL69  L: 
CALL MVDLDIR DL72  L: 
CALL MVDLDIR DL73  L: 
CALL MVDLDIR DL74  L: 
CALL MVDLDIR DL75  L: 
CALL MVDLDIR DL71  L: 
CALL MVDLDIR DL70  L: 
CALL MVDLDIR DL66  L: 
CALL MVDLDIR DL19  L: 
CALL MVDLDIR DL40  L: 
CALL MVDLDIR DL41  L: 
CALL MVDLDIR DL42  L: 
CALL MVDLDIR DL43  L: 
CALL MVDLDIR DL44  L: 
CALL MVDLDIR DL45  L: 
CALL MVDLDIR DL46  L: 
CALL MVDLDIR DL47  L: 
CALL MVDLDIR DL48  L: 
CALL MVDLDIR DL76  V: 
CALL MVDLDIR DL77  V: 
CALL MVDLDIR DL49  U: 
CALL MVDLDIR DL63  M: 
CALL MVDLDIR DL50  M: 
CALL MVDLDIR DL51  M: 
CALL MVDLDIR DL52  M: 
CALL MVDLDIR DL53  M: 
CALL MVDLDIR DL54  M: 
CALL MVDLDIR DL55  M: 
CALL MVDLDIR DL57  M: 
CALL MVDLDIR DL59  M: 
CALL MVDLDIR DL60  M: 
CALL MVDLDIR DL61  M: 
CALL MVDLDIR DL76  M: 
CALL MVDLDIR DL35  U: 
CALL MVDLDIR dl77  L: 
CALL MVDLDIR DL20  M: 
CALL MVDLDIR DL20  M: 
CALL MVDLDIR DL19  M: 
CALL MVDLDIR DL21  M: 
CALL MVDLDIR DL22  M: 
CALL MVDLDIR DL23  M: 
CALL MVDLDIR DL24  M: 
CALL MVDLDIR DL25  M: 
CALL MVDLDIR DL14  U 
CALL MVDLDIR DL14  U: 
CALL MVDLDIR DL15  U: 
CALL MVDLDIR DL16  U: 
CALL MVDLDIR DL17  U: 
CALL MVDLDIR DL18  U: 
CALL MVDLDIR DL19  U: 
CALL MVDLDIR DL20  U: 
CALL MVDLDIR DL21  U: 
CALL MVDLDIR DL22  U: 
CALL MVDLDIR GDL10  U: 
CALL MVDLDIR GIFULW  U: 
CALL MVDLDIR DL20  V: 
CALL MVDLDIR DL58  V: 
CALL MVDLDIR DL61  V: 
CALL MVDLDIR DL50  V: 
CALL MVDLDIR DL23  V: 
CALL MVDLDIR DL57  V: 
CALL MVDLDIR DL62  V: 
CALL MVDLDIR DL62  V: 
CALL MVDLDIR DL79  U: 
CALL MVDLDIR DL42  U: 
CALL MVDLDIR DL62  M: 
CALL MVDLDIR DL62  M: 
CALL MVDLDIR DL57  M: 
CALL MVDLDIR DL23  M: 
CALL MVDLDIR DL58  M: 
CALL MVDLDIR DL61  M: 
CALL MVDLDIR DL61  M: 
CALL MVDLDIR DL50  M: 
CALL MVDLDIR DL20  U: 
CALL MVDLDIR DL67  L: 
CALL MVDLDIR DL71  L: 
CALL MVDLDIR DL69  L: 
CALL MVDLDIR DL67  L: 
CALL MVDLDIR DL26  L: 
CALL MVDLDIR DL37  L: 
CALL MVDLDIR DL40  L: 
CALL MVDLDIR DL27  L: 
CALL MVDLDIR DL48  L: 
CALL MVDLDIR DL31  L: 
CALL MVDLDIR DL38  L: 
CALL MVDLDIR DL66  L: 
CALL MVDLDIR DL47  L: 
CALL MVDLDIR DL43  L: 
CALL MVDLDIR DL73  L: 
CALL MVDLDIR DL28  L: 
CALL MVDLDIR DL29  L: 
CALL MVDLDIR DL30  L: 
CALL MVDLDIR DL32  L: 
CALL MVDLDIR DL33  L: 
CALL MVDLDIR DL34  L: 
CALL MVDLDIR DL36  L: 
CALL MVDLDIR DL39  L: 
CALL MVDLDIR DL41  L: 
CALL MVDLDIR DL44  L: 
CALL MVDLDIR DL45  L: 
CALL MVDLDIR DL46  L: 
CALL MVDLDIR DL64  L: 
CALL MVDLDIR DL64  L: 
CALL MVDLDIR DL64  L: 
CALL MVDLDIR DL65  L: 
CALL MVDLDIR DL68  L: 
CALL MVDLDIR DL70  L: 
CALL MVDLDIR DL72  L: 
CALL MVDLDIR DL73  L: 
CALL MVDLDIR DL74  L: 
CALL MVDLDIR DL75  L: 
CALL MVDLDIR DL77  W: 
CALL MVDLDIR DL77  V: 
CALL MVDLDIR DL77  V: 
CALL MVDLDIR GIFULW  W: 
CALL MVDLDIR DL25  W: 
CALL MVDLDIR DL24  W: 
CALL MVDLDIR DL76  W: 
CALL MVDLDIR DL60  W: 
CALL MVDLDIR DL59  W: 
CALL MVDLDIR DL55  W: 
CALL MVDLDIR DL54  W: 
CALL MVDLDIR DL53  W: 
CALL MVDLDIR DL52  W: 
CALL MVDLDIR DL51  W: 
CALL MVDLDIR DL63  W: 
CALL MVDLDIR GDL9  W: 
CALL MVDLDIR GDL8  W: 
CALL MVDLDIR GDL7  W: 
CALL MVDLDIR GDL6  W: 
CALL MVDLDIR GDL5  W: 
CALL MVDLDIR GDL4  W: 
CALL MVDLDIR GDL3  W: 
CALL MVDLDIR GDL2  W: 
CALL MVDLDIR GDL1  W: 
CALL MVDLDIR DL78  W: 
CALL MVDLDIR DL50  W: 
CALL MVDLDIR DL61  W: 
CALL MVDLDIR DL56  W: 
CALL MVDLDIR DL58  W: 
CALL MVDLDIR DL23  W: 
CALL MVDLDIR DL57  W: 
CALL MVDLDIR DL62  W: 
