!README.1ST
!WHATS.NEW
!UPDATE.340
REGISTER.FRM
READ.ME
INSTALL.DOC
PRODOOR.DOC
PRODOOR.EXE
PROSM.EXE
BLDLIST.EXE
PROECHO.COM
PRONS.COM
INSTALL.BAT
PRINTDOC.BAT
CONFIG.BAT
CONFIG.INS
PRO-P.BAT
PRO-R.BAT
PRO-T.BAT
PRO-V.BAT
PRO-X.BAT
PROARCM
PROARCM.BAT
PROCHAT
PROCLOS
PROD.CNF
PROD.INS
PRODOOR
PRODOOR.INS
PRODUMP
PROENTR
PROFREE
PROFV
PROHELP
PROJOIN
PROMAIL
PROMENU
PROMENUG
PROMORE
PRONEW
PRONEWG
PROPCAN
PRORATIO
PROREAD
PROREADG
PROREQ
PROSTRT
PROULM
PROUT1.BAT
PROUTEST.BAT
PROVIS
PROXENTR
PROXFILE
PROXJOIN
PROXMAIL
PROXMAIN
PROXMORE
FILES.LST
