[ important things ]
WARNING
READ.ME
REGISTER.FRM
!PRODOOR.NEW
FILES.LST

[ documentation ]
PROKIT.DOC
TIPS.DOC
CALLS.DOC
PROCS.DOC
DATA.DOC

[ sample door application ]
PROKIT
PROKIT.CNF
PROKIT.M
PROKIT.INC
PROKIT.PAS
PROKIT.EXE

[ detailed documentation of prokit unit interfaces ]
DEBUGS.INT
PROREAD.INT
PROBLT.INT
QREAD.INT
KITINIT.INT
PROBYE.INT
OPENSHAR.INT
DOSMEM.INT
PROJOIN.INT
PROMAIL.INT
PROENTER.INT
PROUTIL2.INT
PROVIS.INT
PROSCAN.INT
MINICRT.INT
PROUTIL.INT
BUFIO.INT
PROSYSF.INT
MDOSIO.INT
TOOLS.INT
PROROOT.INT
PRODATA.INT

[ prokit library units ]
QREAD.OBJ
QREAD.TPU
DEBUGS.TPU
DOSMEM.TPU
PROREGL.TPU
OPENSHAR.TPU
PROBLT.TPU
PROBYE.TPU
BUFIO.TPU
KITINIT.TPU
MINICRT.TPU
MDOSIO.TPU
PROUTIL2.TPU
PROUTIL.TPU
PROVIS.TPU
PROJOIN.TPU
PROSCAN.TPU
PROREAD.TPU
PROMAIL.TPU
PROENTER.TPU
PRODATA.TPU
PROSYSF.TPU
TOOLS.TPU
PROROOT.TPU

